<?xml version="1.0" encoding="UTF-8"?>
<!-- Generated by org.testng.reporters.JUnitReportReporter -->
<testsuite hostname="DESKTOP-ARDRHE0" failures="0" tests="4" name="testcases.verifyLogin" time="49.447" errors="0" timestamp="2023-03-28T15:47:42 IST" skipped="0">
  <testcase classname="testcases.verifyLogin" name="loginDtt" time="3.845"/>
  <system-out/>
  <testcase classname="testcases.verifyLogin" name="loginDtt" time="14.936"/>
  <system-out/>
  <testcase classname="testcases.verifyLogin" name="loginDtt" time="16.247"/>
  <system-out/>
  <testcase classname="testcases.verifyLogin" name="loginDtt" time="14.419"/>
  <system-out/>
</testsuite> <!-- testcases.verifyLogin -->
