<?xml version="1.0" encoding="UTF-8"?>
<!-- Generated by org.testng.reporters.JUnitReportReporter -->
<testsuite hostname="DESKTOP-ARDRHE0" failures="0" tests="1" name="cucumber.TestngTestRunner" time="11.767" errors="0" timestamp="2023-03-30T19:45:04 IST" skipped="0">
  <testcase classname="cucumber.TestngTestRunner" name="runScenario" time="11.767"/>
  <system-out/>
</testsuite> <!-- cucumber.TestngTestRunner -->
