<?xml version="1.0" encoding="UTF-8"?>
<!-- Generated by org.testng.reporters.JUnitReportReporter -->
<testsuite hostname="DESKTOP-ARDRHE0" failures="0" tests="4" name="testcases.VerifyLoginDDT" time="49.837" errors="0" timestamp="2023-03-31T18:23:28 IST" skipped="0">
  <testcase classname="testcases.VerifyLoginDDT" name="loginDtt" time="14.773"/>
  <system-out/>
  <testcase classname="testcases.VerifyLoginDDT" name="loginDtt" time="14.018"/>
  <system-out/>
  <testcase classname="testcases.VerifyLoginDDT" name="loginDtt" time="17.023"/>
  <system-out/>
  <testcase classname="testcases.VerifyLoginDDT" name="loginDtt" time="4.023"/>
  <system-out/>
</testsuite> <!-- testcases.VerifyLoginDDT -->
