<?xml version="1.0" encoding="UTF-8"?>
<!-- Generated by org.testng.reporters.JUnitReportReporter -->
<testsuite hostname="DESKTOP-ARDRHE0" failures="0" tests="1" name="testcases.End" time="12.001" errors="0" timestamp="2023-03-31T18:23:28 IST" skipped="0">
  <testcase classname="testcases.End" name="sauce" time="12.001"/>
  <system-out/>
</testsuite> <!-- testcases.End -->
