<?xml version="1.0" encoding="UTF-8"?>
<!-- Generated by org.testng.reporters.JUnitReportReporter -->
<testsuite hostname="DESKTOP-ARDRHE0" failures="0" tests="1" name="testcases.Login" time="10.327" errors="0" timestamp="2023-03-28T20:00:34 IST" skipped="0">
  <testcase classname="testcases.Login" name="logIn" time="10.327"/>
  <system-out/>
</testsuite> <!-- testcases.Login -->
